<?xml version="1.0" encoding="UTF-8"?>
<!-- Generated by org.testng.reporters.JUnitXMLReporter -->
<testsuite ignored="8" hostname="VINOD" failures="0" tests="7" name="Test-runner-1" time="30.608" errors="0" timestamp="2023-01-13T10:09:06 IST">
  <testcase classname="openacctostaffapprove_package.OpenAccountToPendingAccountTest" name="OpenAccount" time="5.482"/>
  <testcase classname="openacctostaffapprove_package.OpenAccountToPendingAccountTest" name="approveAccount" time="3.021"/>
  <testcase classname="approvetocreditcus_package.FromApproveaccountToCreditCustomerTest" name="creditCustomer" time="1.994"/>
  <testcase classname="applydebittoresister_package.ApplyDebitToRegisterTest" name="applyDebitCard" time="1.326"/>
  <testcase classname="applydebittoresister_package.ApplyDebitToRegisterTest" name="internetBankingLogin" time="1.657"/>
  <testcase classname="logintoaddbenificiary_package.LoginToAddBenficiaryTest" name="LoginInterBanking" time="2.004"/>
  <testcase classname="selectbenificaryfundtransfer_package.SelectBenficiaryFundTransferTest" name="fundTransfer" time="6.325"/>
  <testcase classname="com.banking.generiutilities.BaseClass" name="@BeforeSuite configToDB" time="0.0">
    <ignored/>
  </testcase> <!-- @BeforeSuite configToDB -->
  <testcase classname="com.banking.generiutilities.BaseClass" name="@BeforeSuite configToDB" time="0.0">
    <ignored/>
  </testcase> <!-- @BeforeSuite configToDB -->
  <testcase classname="com.banking.generiutilities.BaseClass" name="@BeforeSuite configToDB" time="0.0">
    <ignored/>
  </testcase> <!-- @BeforeSuite configToDB -->
  <testcase classname="com.banking.generiutilities.BaseClass" name="@BeforeSuite configToDB" time="0.0">
    <ignored/>
  </testcase> <!-- @BeforeSuite configToDB -->
  <testcase classname="com.banking.generiutilities.BaseClass" name="@AfterSuite configCloseDB" time="0.0">
    <ignored/>
  </testcase> <!-- @AfterSuite configCloseDB -->
  <testcase classname="com.banking.generiutilities.BaseClass" name="@AfterSuite configCloseDB" time="0.0">
    <ignored/>
  </testcase> <!-- @AfterSuite configCloseDB -->
  <testcase classname="com.banking.generiutilities.BaseClass" name="@AfterSuite configCloseDB" time="0.0">
    <ignored/>
  </testcase> <!-- @AfterSuite configCloseDB -->
  <testcase classname="com.banking.generiutilities.BaseClass" name="@AfterSuite configCloseDB" time="0.0">
    <ignored/>
  </testcase> <!-- @AfterSuite configCloseDB -->
</testsuite> <!-- Test-runner-1 -->
