<?xml version="1.0" encoding="UTF-8"?>
<!-- Generated by org.testng.reporters.JUnitReportReporter -->
<testsuite hostname="VINOD" failures="0" tests="1" name="logintoaddbenificiary_package.LoginToAddBenficiaryTest" time="2.005" errors="0" timestamp="2023-01-13T10:09:06 IST" skipped="0">
  <testcase classname="logintoaddbenificiary_package.LoginToAddBenficiaryTest" name="LoginInterBanking" time="2.005"/>
  <system-out>
    <![CDATA[LoginInterBanking TestScript Excutin Started 
The Benficiary Account no is  addedd sucesfully
LoginInterBanking TestScript Excution succesfully  ]]>
  </system-out>
</testsuite> <!-- logintoaddbenificiary_package.LoginToAddBenficiaryTest -->
