<?xml version="1.0" encoding="UTF-8"?>
<!-- Generated by org.testng.reporters.JUnitReportReporter -->
<testsuite hostname="VINOD" failures="0" tests="3" name="practice_package.SampleTestNgCode" time="0.007" errors="0" timestamp="2023-01-06T13:02:26 IST" skipped="0">
  <testcase classname="practice_package.SampleTestNgCode" name="Create" time="0.005"/>
  <system-out/>
  <testcase classname="practice_package.SampleTestNgCode" name="delete" time="0.001"/>
  <system-out/>
  <testcase classname="practice_package.SampleTestNgCode" name="update" time="0.001"/>
  <system-out/>
</testsuite> <!-- practice_package.SampleTestNgCode -->
