<?xml version="1.0" encoding="UTF-8"?>
<!-- Generated by org.testng.reporters.JUnitReportReporter -->
<testsuite hostname="VINOD" failures="0" tests="4" name="practice_package.DataProviderFromExcel1" time="0.012" errors="0" timestamp="2023-01-09T12:19:19 IST" skipped="0">
  <testcase classname="practice_package.DataProviderFromExcel1" name="dataproviderEx" time="0.001"/>
  <system-out/>
  <testcase classname="practice_package.DataProviderFromExcel1" name="dataproviderEx" time="0.001"/>
  <system-out/>
  <testcase classname="practice_package.DataProviderFromExcel1" name="dataproviderEx" time="0.006"/>
  <system-out/>
  <testcase classname="practice_package.DataProviderFromExcel1" name="dataproviderEx" time="0.004"/>
  <system-out/>
</testsuite> <!-- practice_package.DataProviderFromExcel1 -->
