<?xml version="1.0" encoding="UTF-8"?>
<!-- Generated by org.testng.reporters.JUnitReportReporter -->
<testsuite hostname="VINOD" failures="0" tests="1" name="practice_package.DiffAnotations" time="0.006" errors="0" timestamp="2023-01-09T13:13:03 IST" skipped="0">
  <testcase classname="practice_package.DiffAnotations" name="createOrg" time="0.006"/>
  <system-out/>
</testsuite> <!-- practice_package.DiffAnotations -->
