<?xml version="1.0" encoding="UTF-8"?>
<!-- Generated by org.testng.reporters.JUnitReportReporter -->
<testsuite hostname="VINOD" failures="0" tests="2" name="practice_package.SampleDataProvider" time="0.006" errors="0" timestamp="2023-01-06T16:51:12 IST" skipped="0">
  <testcase classname="practice_package.SampleDataProvider" name="travel" time="0.005"/>
  <system-out/>
  <testcase classname="practice_package.SampleDataProvider" name="travel" time="0.001"/>
  <system-out/>
</testsuite> <!-- practice_package.SampleDataProvider -->
