<?xml version="1.0" encoding="UTF-8"?>
<!-- Generated by org.testng.reporters.JUnitReportReporter -->
<testsuite hostname="VINOD" failures="0" tests="1" name="approvetocreditcus_package.FromApproveaccountToCreditCustomerTest" time="1.994" errors="0" timestamp="2023-01-13T10:09:06 IST" skipped="0">
  <testcase classname="approvetocreditcus_package.FromApproveaccountToCreditCustomerTest" name="creditCustomer" time="1.994"/>
  <system-out>
    <![CDATA[creditCustomer TestScript Excutin Started 
Customer Account no 101151011427 credited sucessfulljy of Rs 10000
creditCustomer TestScript Excution succesfully  ]]>
  </system-out>
</testsuite> <!-- approvetocreditcus_package.FromApproveaccountToCreditCustomerTest -->
