<?xml version="1.0" encoding="UTF-8"?>
<!-- Generated by org.testng.reporters.JUnitReportReporter -->
<testsuite hostname="VINOD" failures="0" tests="1" name="practice_package.BrokenLinks" time="26.541" errors="0" timestamp="2023-01-24T16:37:13 IST" skipped="0">
  <testcase classname="practice_package.BrokenLinks" name="linkbroken" time="26.541"/>
  <system-out/>
</testsuite> <!-- practice_package.BrokenLinks -->
