<?xml version="1.0" encoding="UTF-8"?>
<!-- Generated by org.testng.reporters.JUnitReportReporter -->
<testsuite hostname="VINOD" failures="0" tests="1" name="practice_package.BrokenLinksInBankingProject" time="2.041" errors="0" timestamp="2023-01-24T17:29:54 IST" skipped="0">
  <testcase classname="practice_package.BrokenLinksInBankingProject" name="getBrokenLinks" time="2.041"/>
  <system-out/>
</testsuite> <!-- practice_package.BrokenLinksInBankingProject -->
