<?xml version="1.0" encoding="UTF-8"?>
<!-- Generated by org.testng.reporters.JUnitReportReporter -->
<testsuite hostname="VINOD" failures="0" tests="1" name="practice_package.SampleRunner1" time="0.008" errors="0" timestamp="2023-01-12T12:06:22 IST" skipped="0">
  <testcase classname="practice_package.SampleRunner1" name="sample3" time="0.008"/>
  <system-out/>
</testsuite> <!-- practice_package.SampleRunner1 -->
