<?xml version="1.0" encoding="UTF-8"?>
<!-- Generated by org.testng.reporters.JUnitReportReporter -->
<testsuite hostname="VINOD" failures="0" tests="2" name="applydebittoresister_package.ApplyDebitToRegisterTest" time="2.984" errors="0" timestamp="2023-01-13T10:09:06 IST" skipped="0">
  <testcase classname="applydebittoresister_package.ApplyDebitToRegisterTest" name="applyDebitCard" time="1.327"/>
  <system-out>
    <![CDATA[applyDebitCard TestScript Excutin Started 
The debit card no is421350601325
The debit card pin no is2177
applyDebitCard TestScript Excution succesfully  ]]>
  </system-out>
  <testcase classname="applydebittoresister_package.ApplyDebitToRegisterTest" name="internetBankingLogin" time="1.657"/>
  <system-out>
    <![CDATA[internetBankingLogin TestScript Excutin Started 
The Customer Id is 1011427
internetBankingLogin TestScript Excution succesfully  ]]>
  </system-out>
</testsuite> <!-- applydebittoresister_package.ApplyDebitToRegisterTest -->
