<?xml version="1.0" encoding="UTF-8"?>
<!-- Generated by org.testng.reporters.JUnitReportReporter -->
<testsuite hostname="VINOD" failures="0" tests="2" name="practice_package.SampleRunner2" time="0.003" errors="0" timestamp="2023-01-12T12:02:58 IST" skipped="0">
  <testcase classname="practice_package.SampleRunner2" name="sample4" time="0.002"/>
  <system-out/>
  <testcase classname="practice_package.SampleRunner2" name="sample3" time="0.001"/>
  <system-out/>
</testsuite> <!-- practice_package.SampleRunner2 -->
