<?xml version="1.0" encoding="UTF-8"?>
<!-- Generated by org.testng.reporters.JUnitReportReporter -->
<testsuite hostname="VINOD" failures="0" tests="1" name="selectbenificaryfundtransfer_package.SelectBenficiaryFundTransferTest" time="6.326" errors="0" timestamp="2023-01-13T10:09:06 IST" skipped="0">
  <testcase classname="selectbenificaryfundtransfer_package.SelectBenficiaryFundTransferTest" name="fundTransfer" time="6.326"/>
  <system-out>
    <![CDATA[fundTransfer TestScript Excutin Started 
The OTP number is 578339
Transaction Successful!
fundTransfer TestScript Excution succesfully  ]]>
  </system-out>
</testsuite> <!-- selectbenificaryfundtransfer_package.SelectBenficiaryFundTransferTest -->
